<?xml version="1.0" encoding="UTF-8"?>
<!-- Generated by org.testng.reporters.JUnitXMLReporter -->
<testsuite ignored="0" hostname="SA-Machine" failures="0" tests="10" name="Surefire test" time="47.592" errors="0" timestamp="2024-01-31T14:52:00 IST">
  <testcase classname="api.test.DDTests" name="testPostUser" time="10.935"/>
  <testcase classname="api.test.DDTests" name="testPostUser" time="2.747"/>
  <testcase classname="api.test.DDTests" name="testPostUser" time="2.383"/>
  <testcase classname="api.test.DDTests" name="testDeleteUserByName" time="1.531"/>
  <testcase classname="api.test.DDTests" name="testDeleteUserByName" time="5.45"/>
  <testcase classname="api.test.DDTests" name="testDeleteUserByName" time="11.464"/>
  <testcase classname="api.test.UserTests" name="testPostUser" time="3.685"/>
  <testcase classname="api.test.UserTests" name="testGetUserByName" time="1.557"/>
  <testcase classname="api.test.UserTests" name="testUpdateUserByName" time="2.971"/>
  <testcase classname="api.test.UserTests" name="testDeleteUserByName" time="1.44"/>
</testsuite> <!-- Surefire test -->
