<?xml version="1.0" encoding="UTF-8"?>
<!-- Generated by org.testng.reporters.JUnitXMLReporter -->
<testsuite ignored="0" hostname="SA-Machine" failures="0" tests="6" name="Default test" time="11.048" errors="0" timestamp="2024-01-24T10:27:46 IST">
  <testcase classname="api.test.DDTests" name="testPostUser" time="3.141"/>
  <testcase classname="api.test.DDTests" name="testPostUser" time="1.299"/>
  <testcase classname="api.test.DDTests" name="testPostUser" time="1.314"/>
  <testcase classname="api.test.DDTests" name="testDeleteUserByName" time="1.311"/>
  <testcase classname="api.test.DDTests" name="testDeleteUserByName" time="1.304"/>
  <testcase classname="api.test.DDTests" name="testDeleteUserByName" time="1.329"/>
</testsuite> <!-- Default test -->
