<?xml version="1.0" encoding="UTF-8"?>
<!-- Generated by org.testng.reporters.JUnitXMLReporter -->
<testsuite ignored="0" hostname="SA-Machine" failures="0" tests="4" name="PetTests" time="11.145" errors="0" timestamp="2024-01-31T08:45:53 IST">
  <testcase classname="api.test.UserTests2" name="testPostUser" time="3.599"/>
  <testcase classname="api.test.UserTests2" name="testGetUserByName" time="1.368"/>
  <testcase classname="api.test.UserTests2" name="testUpdateUserByName" time="2.952"/>
  <testcase classname="api.test.UserTests2" name="testDeleteUserByName" time="1.524"/>
</testsuite> <!-- PetTests -->
